<<<<<<< HEAD
0 silly argv {
0 silly argv   _: [ 'add' ],
0 silly argv   dev: true,
0 silly argv   D: true,
0 silly argv   globs: [],
0 silly argv   lernaVersion: '3.22.1',
0 silly argv   '$0': 'lerna',
0 silly argv   pkg: 'noodl-utils'
0 silly argv }
1 notice cli v3.22.1
2 verbose rootPath /Users/christ/aitmed-noodl-web
3 info versioning independent
4 error TypeError: Invalid comparator: latest
4 error     at Comparator.parse (/Users/christ/aitmed-noodl-web/node_modules/@lerna/add/node_modules/semver/semver.js:794:11)
4 error     at new Comparator (/Users/christ/aitmed-noodl-web/node_modules/@lerna/add/node_modules/semver/semver.js:777:8)
4 error     at Range.<anonymous> (/Users/christ/aitmed-noodl-web/node_modules/@lerna/add/node_modules/semver/semver.js:975:12)
4 error     at Array.map (<anonymous>)
4 error     at Range.parseRange (/Users/christ/aitmed-noodl-web/node_modules/@lerna/add/node_modules/semver/semver.js:974:13)
4 error     at Range.<anonymous> (/Users/christ/aitmed-noodl-web/node_modules/@lerna/add/node_modules/semver/semver.js:917:17)
4 error     at Array.map (<anonymous>)
4 error     at new Range (/Users/christ/aitmed-noodl-web/node_modules/@lerna/add/node_modules/semver/semver.js:916:40)
4 error     at Function.intersects (/Users/christ/aitmed-noodl-web/node_modules/@lerna/add/node_modules/semver/semver.js:1542:8)
4 error     at getRangeToReference (/Users/christ/aitmed-noodl-web/node_modules/@lerna/add/lib/get-range-to-reference.js:18:35)
4 error     at /Users/christ/aitmed-noodl-web/node_modules/@lerna/add/index.js:152:14
4 error     at Array.filter (<anonymous>)
4 error     at AddCommand.collectPackagesToChange (/Users/christ/aitmed-noodl-web/node_modules/@lerna/add/index.js:144:21)
=======
54 warn complete Waiting for 2 child processes to exit. CTRL-C to exit immediately.
55 error Error: Command failed: git tag logsnap@0.0.12 -m logsnap@0.0.12
55 error fatal: tag 'logsnap@0.0.12' already exists
55 error
55 error     at makeError (C:\Users\Chris\aitmed-noodl-web-copy\node_modules\execa\index.js:174:9)
55 error     at C:\Users\Chris\aitmed-noodl-web-copy\node_modules\execa\index.js:278:16
55 error     at processTicksAndRejections (internal/process/task_queues.js:97:5)
55 error     at async Promise.all (index 0)
>>>>>>> dev
